<?xml version="1.0" encoding="UTF-8"?>
<!-- Generated by org.testng.reporters.JUnitXMLReporter -->
<testsuite ignored="0" hostname="DESKTOP-AD9FN0L" failures="0" tests="2" name="Error Validations Test" time="10.442" errors="0" timestamp="2025-07-15T20:03:50 IST">
  <testcase classname="ecommerceproject.tests.ErrorValidations" name="LoginErrorValidation" time="1.166"/>
  <testcase classname="ecommerceproject.tests.ErrorValidations" name="productErrorValidation" time="3.414"/>
</testsuite> <!-- Error Validations Test -->
