<?xml version="1.0" encoding="UTF-8"?>
<testsuite xmlns:xsi="http://www.w3.org/2001/XMLSchema-instance" xsi:noNamespaceSchemaLocation="https://maven.apache.org/surefire/maven-surefire-plugin/xsd/surefire-test-report.xsd" version="3.0.2" name="TestSuite" time="35.248" tests="4" errors="0" skipped="0" failures="0">
  <properties>
[...]
</properties>
  <testcase name="submitOrder[{password=Yogeshyogesh@1234, product=IPHONE 13 PRO, email=yogesh@org.com}](1)" classname="ecommerceproject.tests.SubmitOrderTest" time="8.511">
    <system-out><![CDATA[20:03:15.269 [main] DEBUG org.testng.TestNG -- suiteXmlPath: "C:\Users\DELL\eclipse-workspace\AutomationProjects\testSuites\testng.xml"
20:03:16.436 [main] DEBUG io.github.bonigarcia.wdm.WebDriverManager -- Using WebDriverManager 6.0.1
20:03:16.944 [main] DEBUG io.github.bonigarcia.wdm.cache.ResolutionCache -- Resolution chrome=138 in cache (valid until 20:19:39 15/07/2025 IST)
20:03:16.946 [main] DEBUG io.github.bonigarcia.wdm.cache.ResolutionCache -- Resolution chrome138=138.0.7204.94 in cache (valid until 16:18:39 16/07/2025 IST)
20:03:16.947 [main] INFO io.github.bonigarcia.wdm.WebDriverManager -- Using chromedriver 138.0.7204.94 (resolved driver for Chrome 138)
20:03:16.978 [main] DEBUG io.github.bonigarcia.wdm.WebDriverManager -- Driver chromedriver 138.0.7204.94 found in cache
20:03:16.979 [main] INFO io.github.bonigarcia.wdm.WebDriverManager -- Exporting webdriver.chrome.driver as C:\Users\DELL\.cache\selenium\chromedriver\win64\138.0.7204.94\chromedriver.exe
]]></system-out>
    <system-err><![CDATA[SLF4J(W): Class path contains multiple SLF4J providers.
SLF4J(W): Found provider [ch.qos.logback.classic.spi.LogbackServiceProvider@4667ae56]
SLF4J(W): Found provider [org.slf4j.simple.SimpleServiceProvider@77cd7a0]
SLF4J(W): See https://www.slf4j.org/codes.html#multiple_bindings for an explanation.
SLF4J(I): Actual provider is of type [ch.qos.logback.classic.spi.LogbackServiceProvider@4667ae56]
Jul 15, 2025 8:03:18 PM org.openqa.selenium.devtools.CdpVersionFinder findNearestMatch
WARNING: Unable to find CDP implementation matching 138
Jul 15, 2025 8:03:18 PM org.openqa.selenium.chromium.ChromiumDriver lambda$new$5
WARNING: Unable to find version of CDP to use for 138.0.7204.101. You may need to include a dependency on a specific version of the CDP using something similar to `org.seleniumhq.selenium:selenium-devtools-v86:4.23.1` where the version ("v86") matches the version of the chromium-based browser you're using and the version number of the artifact is the same as Selenium's.
]]></system-err>
  </testcase>
  <testcase name="submitOrder[{password=Yogeshyogesh@1234, product=ZARA COAT 3, email=yogesh@automation.com}](2)" classname="ecommerceproject.tests.SubmitOrderTest" time="8.585">
    <system-out><![CDATA[20:03:28.372 [main] DEBUG io.github.bonigarcia.wdm.WebDriverManager -- Using WebDriverManager 6.0.1
20:03:28.390 [main] DEBUG io.github.bonigarcia.wdm.cache.ResolutionCache -- Resolution chrome=138 in cache (valid until 20:19:39 15/07/2025 IST)
20:03:28.391 [main] DEBUG io.github.bonigarcia.wdm.cache.ResolutionCache -- Resolution chrome138=138.0.7204.94 in cache (valid until 16:18:39 16/07/2025 IST)
20:03:28.391 [main] INFO io.github.bonigarcia.wdm.WebDriverManager -- Using chromedriver 138.0.7204.94 (resolved driver for Chrome 138)
20:03:28.420 [main] DEBUG io.github.bonigarcia.wdm.WebDriverManager -- Driver chromedriver 138.0.7204.94 found in cache
20:03:28.421 [main] INFO io.github.bonigarcia.wdm.WebDriverManager -- Exporting webdriver.chrome.driver as C:\Users\DELL\.cache\selenium\chromedriver\win64\138.0.7204.94\chromedriver.exe
]]></system-out>
    <system-err><![CDATA[Jul 15, 2025 8:03:28 PM org.openqa.selenium.remote.http.WebSocket$Listener onError
WARNING: Connection reset
java.net.SocketException: Connection reset
	at java.base/sun.nio.ch.SocketChannelImpl.throwConnectionReset(SocketChannelImpl.java:394)
	at java.base/sun.nio.ch.SocketChannelImpl.read(SocketChannelImpl.java:426)
	at java.net.http/jdk.internal.net.http.SocketTube.readAvailable(SocketTube.java:1170)
	at java.net.http/jdk.internal.net.http.SocketTube$InternalReadPublisher$InternalReadSubscription.read(SocketTube.java:833)
	at java.net.http/jdk.internal.net.http.SocketTube$SocketFlowTask.run(SocketTube.java:181)
	at java.net.http/jdk.internal.net.http.common.SequentialScheduler$SchedulableTask.run(SequentialScheduler.java:230)
	at java.net.http/jdk.internal.net.http.common.SequentialScheduler.runOrSchedule(SequentialScheduler.java:303)
	at java.net.http/jdk.internal.net.http.common.SequentialScheduler.runOrSchedule(SequentialScheduler.java:256)
	at java.net.http/jdk.internal.net.http.SocketTube$InternalReadPublisher$InternalReadSubscription.signalReadable(SocketTube.java:774)
	at java.net.http/jdk.internal.net.http.SocketTube$InternalReadPublisher$ReadEvent.signalEvent(SocketTube.java:957)
	at java.net.http/jdk.internal.net.http.SocketTube$SocketFlowEvent.handle(SocketTube.java:253)
	at java.net.http/jdk.internal.net.http.HttpClientImpl$SelectorManager.handleEvent(HttpClientImpl.java:984)
	at java.net.http/jdk.internal.net.http.HttpClientImpl$SelectorManager.lambda$run$3(HttpClientImpl.java:939)
	at java.base/java.util.ArrayList.forEach(ArrayList.java:1511)
	at java.net.http/jdk.internal.net.http.HttpClientImpl$SelectorManager.run(HttpClientImpl.java:939)

Jul 15, 2025 8:03:29 PM org.openqa.selenium.devtools.CdpVersionFinder findNearestMatch
WARNING: Unable to find CDP implementation matching 138
Jul 15, 2025 8:03:29 PM org.openqa.selenium.chromium.ChromiumDriver lambda$new$5
WARNING: Unable to find version of CDP to use for 138.0.7204.101. You may need to include a dependency on a specific version of the CDP using something similar to `org.seleniumhq.selenium:selenium-devtools-v86:4.23.1` where the version ("v86") matches the version of the chromium-based browser you're using and the version number of the artifact is the same as Selenium's.
]]></system-err>
  </testcase>
  <testcase name="LoginErrorValidation" classname="ecommerceproject.tests.ErrorValidations" time="1.167">
    <system-out><![CDATA[20:03:39.702 [main] DEBUG io.github.bonigarcia.wdm.WebDriverManager -- Using WebDriverManager 6.0.1
20:03:39.714 [main] DEBUG io.github.bonigarcia.wdm.cache.ResolutionCache -- Resolution chrome=138 in cache (valid until 20:19:39 15/07/2025 IST)
20:03:39.715 [main] DEBUG io.github.bonigarcia.wdm.cache.ResolutionCache -- Resolution chrome138=138.0.7204.94 in cache (valid until 16:18:39 16/07/2025 IST)
20:03:39.716 [main] INFO io.github.bonigarcia.wdm.WebDriverManager -- Using chromedriver 138.0.7204.94 (resolved driver for Chrome 138)
20:03:39.736 [main] DEBUG io.github.bonigarcia.wdm.WebDriverManager -- Driver chromedriver 138.0.7204.94 found in cache
20:03:39.737 [main] INFO io.github.bonigarcia.wdm.WebDriverManager -- Exporting webdriver.chrome.driver as C:\Users\DELL\.cache\selenium\chromedriver\win64\138.0.7204.94\chromedriver.exe
]]></system-out>
    <system-err><![CDATA[Jul 15, 2025 8:03:39 PM org.openqa.selenium.remote.http.WebSocket$Listener onError
WARNING: Connection reset
java.net.SocketException: Connection reset
	at java.base/sun.nio.ch.SocketChannelImpl.throwConnectionReset(SocketChannelImpl.java:394)
	at java.base/sun.nio.ch.SocketChannelImpl.read(SocketChannelImpl.java:426)
	at java.net.http/jdk.internal.net.http.SocketTube.readAvailable(SocketTube.java:1170)
	at java.net.http/jdk.internal.net.http.SocketTube$InternalReadPublisher$InternalReadSubscription.read(SocketTube.java:833)
	at java.net.http/jdk.internal.net.http.SocketTube$SocketFlowTask.run(SocketTube.java:181)
	at java.net.http/jdk.internal.net.http.common.SequentialScheduler$SchedulableTask.run(SequentialScheduler.java:230)
	at java.net.http/jdk.internal.net.http.common.SequentialScheduler.runOrSchedule(SequentialScheduler.java:303)
	at java.net.http/jdk.internal.net.http.common.SequentialScheduler.runOrSchedule(SequentialScheduler.java:256)
	at java.net.http/jdk.internal.net.http.SocketTube$InternalReadPublisher$InternalReadSubscription.signalReadable(SocketTube.java:774)
	at java.net.http/jdk.internal.net.http.SocketTube$InternalReadPublisher$ReadEvent.signalEvent(SocketTube.java:957)
	at java.net.http/jdk.internal.net.http.SocketTube$SocketFlowEvent.handle(SocketTube.java:253)
	at java.net.http/jdk.internal.net.http.HttpClientImpl$SelectorManager.handleEvent(HttpClientImpl.java:984)
	at java.net.http/jdk.internal.net.http.HttpClientImpl$SelectorManager.lambda$run$3(HttpClientImpl.java:939)
	at java.base/java.util.ArrayList.forEach(ArrayList.java:1511)
	at java.net.http/jdk.internal.net.http.HttpClientImpl$SelectorManager.run(HttpClientImpl.java:939)

Jul 15, 2025 8:03:40 PM org.openqa.selenium.devtools.CdpVersionFinder findNearestMatch
WARNING: Unable to find CDP implementation matching 138
Jul 15, 2025 8:03:40 PM org.openqa.selenium.chromium.ChromiumDriver lambda$new$5
WARNING: Unable to find version of CDP to use for 138.0.7204.101. You may need to include a dependency on a specific version of the CDP using something similar to `org.seleniumhq.selenium:selenium-devtools-v86:4.23.1` where the version ("v86") matches the version of the chromium-based browser you're using and the version number of the artifact is the same as Selenium's.
]]></system-err>
  </testcase>
  <testcase name="productErrorValidation" classname="ecommerceproject.tests.ErrorValidations" time="3.413">
    <system-out><![CDATA[20:03:43.032 [main] DEBUG io.github.bonigarcia.wdm.WebDriverManager -- Using WebDriverManager 6.0.1
20:03:43.046 [main] DEBUG io.github.bonigarcia.wdm.cache.ResolutionCache -- Resolution chrome=138 in cache (valid until 20:19:39 15/07/2025 IST)
20:03:43.047 [main] DEBUG io.github.bonigarcia.wdm.cache.ResolutionCache -- Resolution chrome138=138.0.7204.94 in cache (valid until 16:18:39 16/07/2025 IST)
20:03:43.047 [main] INFO io.github.bonigarcia.wdm.WebDriverManager -- Using chromedriver 138.0.7204.94 (resolved driver for Chrome 138)
20:03:43.075 [main] DEBUG io.github.bonigarcia.wdm.WebDriverManager -- Driver chromedriver 138.0.7204.94 found in cache
20:03:43.076 [main] INFO io.github.bonigarcia.wdm.WebDriverManager -- Exporting webdriver.chrome.driver as C:\Users\DELL\.cache\selenium\chromedriver\win64\138.0.7204.94\chromedriver.exe
]]></system-out>
    <system-err><![CDATA[Jul 15, 2025 8:03:42 PM org.openqa.selenium.remote.http.WebSocket$Listener onError
WARNING: Connection reset
java.net.SocketException: Connection reset
	at java.base/sun.nio.ch.SocketChannelImpl.throwConnectionReset(SocketChannelImpl.java:394)
	at java.base/sun.nio.ch.SocketChannelImpl.read(SocketChannelImpl.java:426)
	at java.net.http/jdk.internal.net.http.SocketTube.readAvailable(SocketTube.java:1170)
	at java.net.http/jdk.internal.net.http.SocketTube$InternalReadPublisher$InternalReadSubscription.read(SocketTube.java:833)
	at java.net.http/jdk.internal.net.http.SocketTube$SocketFlowTask.run(SocketTube.java:181)
	at java.net.http/jdk.internal.net.http.common.SequentialScheduler$SchedulableTask.run(SequentialScheduler.java:230)
	at java.net.http/jdk.internal.net.http.common.SequentialScheduler.runOrSchedule(SequentialScheduler.java:303)
	at java.net.http/jdk.internal.net.http.common.SequentialScheduler.runOrSchedule(SequentialScheduler.java:256)
	at java.net.http/jdk.internal.net.http.SocketTube$InternalReadPublisher$InternalReadSubscription.signalReadable(SocketTube.java:774)
	at java.net.http/jdk.internal.net.http.SocketTube$InternalReadPublisher$ReadEvent.signalEvent(SocketTube.java:957)
	at java.net.http/jdk.internal.net.http.SocketTube$SocketFlowEvent.handle(SocketTube.java:253)
	at java.net.http/jdk.internal.net.http.HttpClientImpl$SelectorManager.handleEvent(HttpClientImpl.java:984)
	at java.net.http/jdk.internal.net.http.HttpClientImpl$SelectorManager.lambda$run$3(HttpClientImpl.java:939)
	at java.base/java.util.ArrayList.forEach(ArrayList.java:1511)
	at java.net.http/jdk.internal.net.http.HttpClientImpl$SelectorManager.run(HttpClientImpl.java:939)

Jul 15, 2025 8:03:44 PM org.openqa.selenium.devtools.CdpVersionFinder findNearestMatch
WARNING: Unable to find CDP implementation matching 138
Jul 15, 2025 8:03:44 PM org.openqa.selenium.chromium.ChromiumDriver lambda$new$5
WARNING: Unable to find version of CDP to use for 138.0.7204.101. You may need to include a dependency on a specific version of the CDP using something similar to `org.seleniumhq.selenium:selenium-devtools-v86:4.23.1` where the version ("v86") matches the version of the chromium-based browser you're using and the version number of the artifact is the same as Selenium's.
]]></system-err>
  </testcase>
</testsuite>