<?xml version="1.0" encoding="UTF-8"?>
<testng-results ignored="0" total="4" passed="4" failed="0" skipped="0">
  <reporter-output>
  </reporter-output>
  <suite started-at="2025-07-15T20:03:16 IST" name="Suite" finished-at="2025-07-15T20:03:50 IST" duration-ms="34039">
    <groups>
      <group name="ErrorHandling">
        <method signature="ErrorValidations.LoginErrorValidation()[pri:0, instance:ecommerceproject.tests.ErrorValidations@5f20155b]" name="LoginErrorValidation" class="ecommerceproject.tests.ErrorValidations"/>
      </group> <!-- ErrorHandling -->
      <group name="Purchase">
        <method signature="SubmitOrderTest.submitOrder(java.util.HashMap)[pri:0, instance:ecommerceproject.tests.SubmitOrderTest@376a0d86]" name="submitOrder" class="ecommerceproject.tests.SubmitOrderTest"/>
      </group> <!-- Purchase -->
    </groups>
    <test started-at="2025-07-15T20:03:16 IST" name="Submit Order Test" finished-at="2025-07-15T20:03:39 IST" duration-ms="23071">
      <class name="ecommerceproject.tests.SubmitOrderTest">
        <test-method is-config="true" signature="launchApplication()[pri:0, instance:ecommerceproject.tests.SubmitOrderTest@376a0d86]" started-at="2025-07-15T20:03:16 IST" name="launchApplication" finished-at="2025-07-15T20:03:19 IST" duration-ms="3285" status="PASS">
          <reporter-output>
          </reporter-output>
        </test-method> <!-- launchApplication -->
        <test-method signature="submitOrder(java.util.HashMap)[pri:0, instance:ecommerceproject.tests.SubmitOrderTest@376a0d86]" started-at="2025-07-15T20:03:19 IST" name="submitOrder" data-provider="getData" finished-at="2025-07-15T20:03:28 IST" duration-ms="8509" status="PASS">
          <params>
            <param index="0">
              <value>
                <![CDATA[{password=Yogeshyogesh@1234, product=IPHONE 13 PRO, email=yogesh@org.com}]]>
              </value>
            </param>
          </params>
          <reporter-output>
          </reporter-output>
        </test-method> <!-- submitOrder -->
        <test-method is-config="true" signature="tearDown()[pri:0, instance:ecommerceproject.tests.SubmitOrderTest@376a0d86]" started-at="2025-07-15T20:03:28 IST" name="tearDown" finished-at="2025-07-15T20:03:28 IST" duration-ms="156" status="PASS">
          <reporter-output>
          </reporter-output>
        </test-method> <!-- tearDown -->
        <test-method is-config="true" signature="launchApplication()[pri:0, instance:ecommerceproject.tests.SubmitOrderTest@376a0d86]" started-at="2025-07-15T20:03:28 IST" name="launchApplication" finished-at="2025-07-15T20:03:30 IST" duration-ms="2084" status="PASS">
          <reporter-output>
          </reporter-output>
        </test-method> <!-- launchApplication -->
        <test-method signature="submitOrder(java.util.HashMap)[pri:0, instance:ecommerceproject.tests.SubmitOrderTest@376a0d86]" started-at="2025-07-15T20:03:30 IST" name="submitOrder" data-provider="getData" finished-at="2025-07-15T20:03:39 IST" duration-ms="8586" status="PASS">
          <params>
            <param index="0">
              <value>
                <![CDATA[{password=Yogeshyogesh@1234, product=ZARA COAT 3, email=yogesh@automation.com}]]>
              </value>
            </param>
          </params>
          <reporter-output>
          </reporter-output>
        </test-method> <!-- submitOrder -->
        <test-method is-config="true" signature="tearDown()[pri:0, instance:ecommerceproject.tests.SubmitOrderTest@376a0d86]" started-at="2025-07-15T20:03:39 IST" name="tearDown" finished-at="2025-07-15T20:03:39 IST" duration-ms="126" status="PASS">
          <reporter-output>
          </reporter-output>
        </test-method> <!-- tearDown -->
      </class> <!-- ecommerceproject.tests.SubmitOrderTest -->
    </test> <!-- Submit Order Test -->
    <test started-at="2025-07-15T20:03:39 IST" name="Error Validations Test" finished-at="2025-07-15T20:03:50 IST" duration-ms="10442">
      <class name="ecommerceproject.tests.ErrorValidations">
        <test-method is-config="true" signature="launchApplication()[pri:0, instance:ecommerceproject.tests.ErrorValidations@5f20155b]" started-at="2025-07-15T20:03:39 IST" name="launchApplication" finished-at="2025-07-15T20:03:41 IST" duration-ms="2023" status="PASS">
          <reporter-output>
          </reporter-output>
        </test-method> <!-- launchApplication -->
        <test-method signature="LoginErrorValidation()[pri:0, instance:ecommerceproject.tests.ErrorValidations@5f20155b]" started-at="2025-07-15T20:03:41 IST" name="LoginErrorValidation" finished-at="2025-07-15T20:03:42 IST" duration-ms="1166" status="PASS">
          <reporter-output>
          </reporter-output>
        </test-method> <!-- LoginErrorValidation -->
        <test-method is-config="true" signature="tearDown()[pri:0, instance:ecommerceproject.tests.ErrorValidations@5f20155b]" started-at="2025-07-15T20:03:42 IST" name="tearDown" finished-at="2025-07-15T20:03:43 IST" duration-ms="139" status="PASS">
          <reporter-output>
          </reporter-output>
        </test-method> <!-- tearDown -->
        <test-method is-config="true" signature="launchApplication()[pri:0, instance:ecommerceproject.tests.ErrorValidations@5f20155b]" started-at="2025-07-15T20:03:43 IST" name="launchApplication" finished-at="2025-07-15T20:03:46 IST" duration-ms="3560" status="PASS">
          <reporter-output>
          </reporter-output>
        </test-method> <!-- launchApplication -->
        <test-method signature="productErrorValidation()[pri:0, instance:ecommerceproject.tests.ErrorValidations@5f20155b]" started-at="2025-07-15T20:03:46 IST" name="productErrorValidation" finished-at="2025-07-15T20:03:50 IST" duration-ms="3414" status="PASS">
          <reporter-output>
          </reporter-output>
        </test-method> <!-- productErrorValidation -->
        <test-method is-config="true" signature="tearDown()[pri:0, instance:ecommerceproject.tests.ErrorValidations@5f20155b]" started-at="2025-07-15T20:03:50 IST" name="tearDown" finished-at="2025-07-15T20:03:50 IST" duration-ms="134" status="PASS">
          <reporter-output>
          </reporter-output>
        </test-method> <!-- tearDown -->
      </class> <!-- ecommerceproject.tests.ErrorValidations -->
    </test> <!-- Error Validations Test -->
  </suite> <!-- Suite -->
</testng-results>
